<?xml version="1.0" encoding="UTF-8"?>
<testsuite xmlns:xsi="http://www.w3.org/2001/XMLSchema-instance" xsi:noNamespaceSchemaLocation="https://maven.apache.org/surefire/maven-surefire-plugin/xsd/surefire-test-report.xsd" name="example.InvokeTest" time="0.938" tests="1" errors="1" skipped="0" failures="0">
  <properties>
    <property name="gopherProxySet" value="false"/>
    <property name="awt.toolkit" value="sun.lwawt.macosx.LWCToolkit"/>
    <property name="file.encoding.pkg" value="sun.io"/>
    <property name="java.specification.version" value="1.8"/>
    <property name="sun.cpu.isalist" value=""/>
    <property name="sun.jnu.encoding" value="UTF-8"/>
    <property name="java.class.path" value="/Users/rafaelfreitas/Sites/java-events-v1sdk/target/test-classes:/Users/rafaelfreitas/Sites/java-events-v1sdk/target/classes:/Users/rafaelfreitas/.m2/repository/com/amazonaws/aws-lambda-java-core/1.2.1/aws-lambda-java-core-1.2.1.jar:/Users/rafaelfreitas/.m2/repository/com/amazonaws/aws-lambda-java-events/2.2.9/aws-lambda-java-events-2.2.9.jar:/Users/rafaelfreitas/.m2/repository/joda-time/joda-time/2.6/joda-time-2.6.jar:/Users/rafaelfreitas/.m2/repository/com/amazonaws/aws-lambda-java-log4j2/1.2.0/aws-lambda-java-log4j2-1.2.0.jar:/Users/rafaelfreitas/.m2/repository/com/google/code/gson/gson/2.8.6/gson-2.8.6.jar:/Users/rafaelfreitas/.m2/repository/org/apache/logging/log4j/log4j-api/2.13.0/log4j-api-2.13.0.jar:/Users/rafaelfreitas/.m2/repository/org/apache/logging/log4j/log4j-core/2.13.2/log4j-core-2.13.2.jar:/Users/rafaelfreitas/.m2/repository/org/apache/logging/log4j/log4j-slf4j18-impl/2.13.0/log4j-slf4j18-impl-2.13.0.jar:/Users/rafaelfreitas/.m2/repository/org/slf4j/slf4j-api/1.8.0-alpha2/slf4j-api-1.8.0-alpha2.jar:/Users/rafaelfreitas/.m2/repository/com/amazonaws/aws-java-sdk-s3/1.11.578/aws-java-sdk-s3-1.11.578.jar:/Users/rafaelfreitas/.m2/repository/com/amazonaws/aws-java-sdk-kms/1.11.578/aws-java-sdk-kms-1.11.578.jar:/Users/rafaelfreitas/.m2/repository/com/amazonaws/aws-java-sdk-core/1.11.578/aws-java-sdk-core-1.11.578.jar:/Users/rafaelfreitas/.m2/repository/commons-logging/commons-logging/1.1.3/commons-logging-1.1.3.jar:/Users/rafaelfreitas/.m2/repository/org/apache/httpcomponents/httpclient/4.5.5/httpclient-4.5.5.jar:/Users/rafaelfreitas/.m2/repository/org/apache/httpcomponents/httpcore/4.4.9/httpcore-4.4.9.jar:/Users/rafaelfreitas/.m2/repository/commons-codec/commons-codec/1.10/commons-codec-1.10.jar:/Users/rafaelfreitas/.m2/repository/software/amazon/ion/ion-java/1.0.2/ion-java-1.0.2.jar:/Users/rafaelfreitas/.m2/repository/com/fasterxml/jackson/core/jackson-databind/2.6.7.2/jackson-databind-2.6.7.2.jar:/Users/rafaelfreitas/.m2/repository/com/fasterxml/jackson/core/jackson-annotations/2.6.0/jackson-annotations-2.6.0.jar:/Users/rafaelfreitas/.m2/repository/com/fasterxml/jackson/core/jackson-core/2.6.7/jackson-core-2.6.7.jar:/Users/rafaelfreitas/.m2/repository/com/fasterxml/jackson/dataformat/jackson-dataformat-cbor/2.6.7/jackson-dataformat-cbor-2.6.7.jar:/Users/rafaelfreitas/.m2/repository/com/amazonaws/jmespath-java/1.11.578/jmespath-java-1.11.578.jar:/Users/rafaelfreitas/.m2/repository/com/amazonaws/aws-java-sdk-kinesis/1.11.578/aws-java-sdk-kinesis-1.11.578.jar:/Users/rafaelfreitas/.m2/repository/com/amazonaws/aws-java-sdk-dynamodb/1.11.578/aws-java-sdk-dynamodb-1.11.578.jar:/Users/rafaelfreitas/.m2/repository/com/amazonaws/aws-xray-recorder-sdk-aws-sdk-core/2.4.0/aws-xray-recorder-sdk-aws-sdk-core-2.4.0.jar:/Users/rafaelfreitas/.m2/repository/com/amazonaws/aws-xray-recorder-sdk-core/2.4.0/aws-xray-recorder-sdk-core-2.4.0.jar:/Users/rafaelfreitas/.m2/repository/com/amazonaws/aws-java-sdk-xray/1.11.398/aws-java-sdk-xray-1.11.398.jar:/Users/rafaelfreitas/.m2/repository/com/amazonaws/aws-xray-recorder-sdk-aws-sdk/2.4.0/aws-xray-recorder-sdk-aws-sdk-2.4.0.jar:/Users/rafaelfreitas/.m2/repository/com/amazonaws/aws-xray-recorder-sdk-aws-sdk-instrumentor/2.4.0/aws-xray-recorder-sdk-aws-sdk-instrumentor-2.4.0.jar:/Users/rafaelfreitas/.m2/repository/org/junit/jupiter/junit-jupiter-api/5.6.0/junit-jupiter-api-5.6.0.jar:/Users/rafaelfreitas/.m2/repository/org/apiguardian/apiguardian-api/1.1.0/apiguardian-api-1.1.0.jar:/Users/rafaelfreitas/.m2/repository/org/opentest4j/opentest4j/1.2.0/opentest4j-1.2.0.jar:/Users/rafaelfreitas/.m2/repository/org/junit/platform/junit-platform-commons/1.6.0/junit-platform-commons-1.6.0.jar:/Users/rafaelfreitas/.m2/repository/org/junit/jupiter/junit-jupiter-engine/5.6.0/junit-jupiter-engine-5.6.0.jar:/Users/rafaelfreitas/.m2/repository/org/junit/platform/junit-platform-engine/1.6.0/junit-platform-engine-1.6.0.jar:"/>
    <property name="java.vm.vendor" value="Oracle Corporation"/>
    <property name="sun.arch.data.model" value="64"/>
    <property name="java.vendor.url" value="http://java.oracle.com/"/>
    <property name="user.timezone" value=""/>
    <property name="java.vm.specification.version" value="1.8"/>
    <property name="os.name" value="Mac OS X"/>
    <property name="user.country" value="BR"/>
    <property name="sun.java.launcher" value="SUN_STANDARD"/>
    <property name="sun.boot.library.path" value="/Library/Java/JavaVirtualMachines/jdk1.8.0_271.jdk/Contents/Home/jre/lib"/>
    <property name="sun.java.command" value="/Users/rafaelfreitas/Sites/java-events-v1sdk/target/surefire/surefirebooter3776817781273446015.jar /Users/rafaelfreitas/Sites/java-events-v1sdk/target/surefire 2020-12-02T23-28-27_214-jvmRun1 surefire8287890983863677064tmp surefire_01414213668701291923tmp"/>
    <property name="http.nonProxyHosts" value="local|*.local|169.254/16|*.169.254/16"/>
    <property name="surefire.test.class.path" value="/Users/rafaelfreitas/Sites/java-events-v1sdk/target/test-classes:/Users/rafaelfreitas/Sites/java-events-v1sdk/target/classes:/Users/rafaelfreitas/.m2/repository/com/amazonaws/aws-lambda-java-core/1.2.1/aws-lambda-java-core-1.2.1.jar:/Users/rafaelfreitas/.m2/repository/com/amazonaws/aws-lambda-java-events/2.2.9/aws-lambda-java-events-2.2.9.jar:/Users/rafaelfreitas/.m2/repository/joda-time/joda-time/2.6/joda-time-2.6.jar:/Users/rafaelfreitas/.m2/repository/com/amazonaws/aws-lambda-java-log4j2/1.2.0/aws-lambda-java-log4j2-1.2.0.jar:/Users/rafaelfreitas/.m2/repository/com/google/code/gson/gson/2.8.6/gson-2.8.6.jar:/Users/rafaelfreitas/.m2/repository/org/apache/logging/log4j/log4j-api/2.13.0/log4j-api-2.13.0.jar:/Users/rafaelfreitas/.m2/repository/org/apache/logging/log4j/log4j-core/2.13.2/log4j-core-2.13.2.jar:/Users/rafaelfreitas/.m2/repository/org/apache/logging/log4j/log4j-slf4j18-impl/2.13.0/log4j-slf4j18-impl-2.13.0.jar:/Users/rafaelfreitas/.m2/repository/org/slf4j/slf4j-api/1.8.0-alpha2/slf4j-api-1.8.0-alpha2.jar:/Users/rafaelfreitas/.m2/repository/com/amazonaws/aws-java-sdk-s3/1.11.578/aws-java-sdk-s3-1.11.578.jar:/Users/rafaelfreitas/.m2/repository/com/amazonaws/aws-java-sdk-kms/1.11.578/aws-java-sdk-kms-1.11.578.jar:/Users/rafaelfreitas/.m2/repository/com/amazonaws/aws-java-sdk-core/1.11.578/aws-java-sdk-core-1.11.578.jar:/Users/rafaelfreitas/.m2/repository/commons-logging/commons-logging/1.1.3/commons-logging-1.1.3.jar:/Users/rafaelfreitas/.m2/repository/org/apache/httpcomponents/httpclient/4.5.5/httpclient-4.5.5.jar:/Users/rafaelfreitas/.m2/repository/org/apache/httpcomponents/httpcore/4.4.9/httpcore-4.4.9.jar:/Users/rafaelfreitas/.m2/repository/commons-codec/commons-codec/1.10/commons-codec-1.10.jar:/Users/rafaelfreitas/.m2/repository/software/amazon/ion/ion-java/1.0.2/ion-java-1.0.2.jar:/Users/rafaelfreitas/.m2/repository/com/fasterxml/jackson/core/jackson-databind/2.6.7.2/jackson-databind-2.6.7.2.jar:/Users/rafaelfreitas/.m2/repository/com/fasterxml/jackson/core/jackson-annotations/2.6.0/jackson-annotations-2.6.0.jar:/Users/rafaelfreitas/.m2/repository/com/fasterxml/jackson/core/jackson-core/2.6.7/jackson-core-2.6.7.jar:/Users/rafaelfreitas/.m2/repository/com/fasterxml/jackson/dataformat/jackson-dataformat-cbor/2.6.7/jackson-dataformat-cbor-2.6.7.jar:/Users/rafaelfreitas/.m2/repository/com/amazonaws/jmespath-java/1.11.578/jmespath-java-1.11.578.jar:/Users/rafaelfreitas/.m2/repository/com/amazonaws/aws-java-sdk-kinesis/1.11.578/aws-java-sdk-kinesis-1.11.578.jar:/Users/rafaelfreitas/.m2/repository/com/amazonaws/aws-java-sdk-dynamodb/1.11.578/aws-java-sdk-dynamodb-1.11.578.jar:/Users/rafaelfreitas/.m2/repository/com/amazonaws/aws-xray-recorder-sdk-aws-sdk-core/2.4.0/aws-xray-recorder-sdk-aws-sdk-core-2.4.0.jar:/Users/rafaelfreitas/.m2/repository/com/amazonaws/aws-xray-recorder-sdk-core/2.4.0/aws-xray-recorder-sdk-core-2.4.0.jar:/Users/rafaelfreitas/.m2/repository/com/amazonaws/aws-java-sdk-xray/1.11.398/aws-java-sdk-xray-1.11.398.jar:/Users/rafaelfreitas/.m2/repository/com/amazonaws/aws-xray-recorder-sdk-aws-sdk/2.4.0/aws-xray-recorder-sdk-aws-sdk-2.4.0.jar:/Users/rafaelfreitas/.m2/repository/com/amazonaws/aws-xray-recorder-sdk-aws-sdk-instrumentor/2.4.0/aws-xray-recorder-sdk-aws-sdk-instrumentor-2.4.0.jar:/Users/rafaelfreitas/.m2/repository/org/junit/jupiter/junit-jupiter-api/5.6.0/junit-jupiter-api-5.6.0.jar:/Users/rafaelfreitas/.m2/repository/org/apiguardian/apiguardian-api/1.1.0/apiguardian-api-1.1.0.jar:/Users/rafaelfreitas/.m2/repository/org/opentest4j/opentest4j/1.2.0/opentest4j-1.2.0.jar:/Users/rafaelfreitas/.m2/repository/org/junit/platform/junit-platform-commons/1.6.0/junit-platform-commons-1.6.0.jar:/Users/rafaelfreitas/.m2/repository/org/junit/jupiter/junit-jupiter-engine/5.6.0/junit-jupiter-engine-5.6.0.jar:/Users/rafaelfreitas/.m2/repository/org/junit/platform/junit-platform-engine/1.6.0/junit-platform-engine-1.6.0.jar:"/>
    <property name="sun.cpu.endian" value="little"/>
    <property name="user.home" value="/Users/rafaelfreitas"/>
    <property name="user.language" value="en"/>
    <property name="java.specification.vendor" value="Oracle Corporation"/>
    <property name="java.home" value="/Library/Java/JavaVirtualMachines/jdk1.8.0_271.jdk/Contents/Home/jre"/>
    <property name="basedir" value="/Users/rafaelfreitas/Sites/java-events-v1sdk"/>
    <property name="file.separator" value="/"/>
    <property name="line.separator" value="&#10;"/>
    <property name="java.vm.specification.vendor" value="Oracle Corporation"/>
    <property name="java.specification.name" value="Java Platform API Specification"/>
    <property name="java.awt.graphicsenv" value="sun.awt.CGraphicsEnvironment"/>
    <property name="surefire.real.class.path" value="/Users/rafaelfreitas/Sites/java-events-v1sdk/target/surefire/surefirebooter3776817781273446015.jar"/>
    <property name="sun.boot.class.path" value="/Library/Java/JavaVirtualMachines/jdk1.8.0_271.jdk/Contents/Home/jre/lib/resources.jar:/Library/Java/JavaVirtualMachines/jdk1.8.0_271.jdk/Contents/Home/jre/lib/rt.jar:/Library/Java/JavaVirtualMachines/jdk1.8.0_271.jdk/Contents/Home/jre/lib/sunrsasign.jar:/Library/Java/JavaVirtualMachines/jdk1.8.0_271.jdk/Contents/Home/jre/lib/jsse.jar:/Library/Java/JavaVirtualMachines/jdk1.8.0_271.jdk/Contents/Home/jre/lib/jce.jar:/Library/Java/JavaVirtualMachines/jdk1.8.0_271.jdk/Contents/Home/jre/lib/charsets.jar:/Library/Java/JavaVirtualMachines/jdk1.8.0_271.jdk/Contents/Home/jre/lib/jfr.jar:/Library/Java/JavaVirtualMachines/jdk1.8.0_271.jdk/Contents/Home/jre/classes"/>
    <property name="sun.management.compiler" value="HotSpot 64-Bit Tiered Compilers"/>
    <property name="ftp.nonProxyHosts" value="local|*.local|169.254/16|*.169.254/16"/>
    <property name="java.runtime.version" value="1.8.0_271-b09"/>
    <property name="user.name" value="rafaelfreitas"/>
    <property name="path.separator" value=":"/>
    <property name="os.version" value="10.16"/>
    <property name="java.endorsed.dirs" value="/Library/Java/JavaVirtualMachines/jdk1.8.0_271.jdk/Contents/Home/jre/lib/endorsed"/>
    <property name="java.runtime.name" value="Java(TM) SE Runtime Environment"/>
    <property name="file.encoding" value="UTF-8"/>
    <property name="java.vm.name" value="Java HotSpot(TM) 64-Bit Server VM"/>
    <property name="localRepository" value="/Users/rafaelfreitas/.m2/repository"/>
    <property name="java.vendor.url.bug" value="http://bugreport.sun.com/bugreport/"/>
    <property name="java.io.tmpdir" value="/var/folders/m8/6_z52_ys0nj1z89zhf67t1dc0000gn/T/"/>
    <property name="idea.version" value="2020.3"/>
    <property name="java.version" value="1.8.0_271"/>
    <property name="user.dir" value="/Users/rafaelfreitas/Sites/java-events-v1sdk"/>
    <property name="os.arch" value="x86_64"/>
    <property name="java.vm.specification.name" value="Java Virtual Machine Specification"/>
    <property name="java.awt.printerjob" value="sun.lwawt.macosx.CPrinterJob"/>
    <property name="sun.os.patch.level" value="unknown"/>
    <property name="java.library.path" value="/Users/rafaelfreitas/Library/Java/Extensions:/Library/Java/Extensions:/Network/Library/Java/Extensions:/System/Library/Java/Extensions:/usr/lib/java:."/>
    <property name="java.vm.info" value="mixed mode"/>
    <property name="java.vendor" value="Oracle Corporation"/>
    <property name="java.vm.version" value="25.271-b09"/>
    <property name="java.ext.dirs" value="/Users/rafaelfreitas/Library/Java/Extensions:/Library/Java/JavaVirtualMachines/jdk1.8.0_271.jdk/Contents/Home/jre/lib/ext:/Library/Java/Extensions:/Network/Library/Java/Extensions:/System/Library/Java/Extensions:/usr/lib/java"/>
    <property name="sun.io.unicode.encoding" value="UnicodeBig"/>
    <property name="java.class.version" value="52.0"/>
    <property name="socksNonProxyHosts" value="local|*.local|169.254/16|*.169.254/16"/>
  </properties>
  <testcase name="invokeTest" classname="example.InvokeTest" time="0.025">
    <error message="bucket-name.txt" type="java.nio.file.NoSuchFileException">java.nio.file.NoSuchFileException: bucket-name.txt
	at example.InvokeTest.invokeTest(InvokeTest.java:48)
</error>
  </testcase>
</testsuite>